<?xml version="1.0" encoding="UTF-8"?>
<!-- Generated by org.testng.reporters.JUnitReportReporter -->
<testsuite hostname="ESLLAP-3322" failures="0" tests="1" name="jenkin1project.Sample1Test" time="0.894" errors="0" timestamp="2023-07-14T17:33:56 IST" skipped="0">
  <testcase classname="jenkin1project.Sample1Test" name="f1" time="0.894"/>
  <system-out/>
</testsuite> <!-- jenkin1project.Sample1Test -->
